门户/uexAppCenterMgrEx-SMD/build/outputs/logs/manifest-merger-debug-report.txt
-- Merging decision tree log ---
manifest
ADDED from TestEclispToStudio\uexAppCenterMgrEx-SMD\AndroidManifest.xml:2:1-242:12
	package
		ADDED from TestEclispToStudio\uexAppCenterMgrEx-SMD\AndroidManifest.xml:3:5-37
	xmlns:android
		ADDED from TestEclispToStudio\uexAppCenterMgrEx-SMD\AndroidManifest.xml:2:11-69
	android:installLocation
		ADDED from TestEclispToStudio\uexAppCenterMgrEx-SMD\AndroidManifest.xml:4:5-43
application
ADDED from TestEclispToStudio\uexAppCenterMgrEx-SMD\AndroidManifest.xml:6:5-197:19
	android:label
		ADDED from TestEclispToStudio\uexAppCenterMgrEx-SMD\AndroidManifest.xml:12:9-41
	android:allowClearUserData
		ADDED from TestEclispToStudio\uexAppCenterMgrEx-SMD\AndroidManifest.xml:8:9-43
	android:hardwareAccelerated
		ADDED from TestEclispToStudio\uexAppCenterMgrEx-SMD\AndroidManifest.xml:10:9-44
	android:debuggable
		ADDED from TestEclispToStudio\uexAppCenterMgrEx-SMD\AndroidManifest.xml:9:9-34
	android:vmSafeMode
		ADDED from TestEclispToStudio\uexAppCenterMgrEx-SMD\AndroidManifest.xml:13:9-34
	android:icon
		ADDED from TestEclispToStudio\uexAppCenterMgrEx-SMD\AndroidManifest.xml:11:9-38
	android:name
		ADDED from TestEclispToStudio\uexAppCenterMgrEx-SMD\AndroidManifest.xml:7:9-74
activity#org.zywx.wbpalmstar.engine.EBrowserActivity
ADDED from TestEclispToStudio\uexAppCenterMgrEx-SMD\AndroidManifest.xml:14:9-30:20
	android:screenOrientation
		ADDED from TestEclispToStudio\uexAppCenterMgrEx-SMD\AndroidManifest.xml:19:13-49
	android:launchMode
		ADDED from TestEclispToStudio\uexAppCenterMgrEx-SMD\AndroidManifest.xml:18:13-44
	android:windowSoftInputMode
		ADDED from TestEclispToStudio\uexAppCenterMgrEx-SMD\AndroidManifest.xml:21:13-67
	android:configChanges
		ADDED from TestEclispToStudio\uexAppCenterMgrEx-SMD\AndroidManifest.xml:17:13-63
	android:alwaysRetainTaskState
		ADDED from TestEclispToStudio\uexAppCenterMgrEx-SMD\AndroidManifest.xml:16:13-49
	android:theme
		ADDED from TestEclispToStudio\uexAppCenterMgrEx-SMD\AndroidManifest.xml:20:13-54
	android:name
		ADDED from TestEclispToStudio\uexAppCenterMgrEx-SMD\AndroidManifest.xml:15:13-71
intent-filter#android.intent.action.VIEW+android.intent.category.BROWSABLE+android.intent.category.DEFAULT
ADDED from TestEclispToStudio\uexAppCenterMgrEx-SMD\AndroidManifest.xml:22:13-29:29
action#android.intent.action.VIEW
ADDED from TestEclispToStudio\uexAppCenterMgrEx-SMD\AndroidManifest.xml:23:17-69
	android:name
		ADDED from TestEclispToStudio\uexAppCenterMgrEx-SMD\AndroidManifest.xml:23:25-66
category#android.intent.category.DEFAULT
ADDED from TestEclispToStudio\uexAppCenterMgrEx-SMD\AndroidManifest.xml:25:17-76
	android:name
		ADDED from TestEclispToStudio\uexAppCenterMgrEx-SMD\AndroidManifest.xml:25:27-73
category#android.intent.category.BROWSABLE
ADDED from TestEclispToStudio\uexAppCenterMgrEx-SMD\AndroidManifest.xml:26:17-78
	android:name
		ADDED from TestEclispToStudio\uexAppCenterMgrEx-SMD\AndroidManifest.xml:26:27-75
data
ADDED from TestEclispToStudio\uexAppCenterMgrEx-SMD\AndroidManifest.xml:28:17-59
	android:scheme
		ADDED from TestEclispToStudio\uexAppCenterMgrEx-SMD\AndroidManifest.xml:28:23-56
activity#org.zywx.wbpalmstar.platform.mam.PolicyActivity
ADDED from TestEclispToStudio\uexAppCenterMgrEx-SMD\AndroidManifest.xml:31:9-34:55
	android:windowSoftInputMode
		ADDED from TestEclispToStudio\uexAppCenterMgrEx-SMD\AndroidManifest.xml:34:13-52
	android:configChanges
		ADDED from TestEclispToStudio\uexAppCenterMgrEx-SMD\AndroidManifest.xml:33:13-74
	android:name
		ADDED from TestEclispToStudio\uexAppCenterMgrEx-SMD\AndroidManifest.xml:32:13-75
activity#org.zywx.wbpalmstar.platform.mam.PolicyInfoActivity
ADDED from TestEclispToStudio\uexAppCenterMgrEx-SMD\AndroidManifest.xml:35:9-38:55
	android:windowSoftInputMode
		ADDED from TestEclispToStudio\uexAppCenterMgrEx-SMD\AndroidManifest.xml:38:13-52
	android:configChanges
		ADDED from TestEclispToStudio\uexAppCenterMgrEx-SMD\AndroidManifest.xml:37:13-74
	android:name
		ADDED from TestEclispToStudio\uexAppCenterMgrEx-SMD\AndroidManifest.xml:36:13-79
activity#org.zywx.wbpalmstar.engine.TempActivity
ADDED from TestEclispToStudio\uexAppCenterMgrEx-SMD\AndroidManifest.xml:39:9-43:60
	android:screenOrientation
		ADDED from TestEclispToStudio\uexAppCenterMgrEx-SMD\AndroidManifest.xml:42:13-49
	android:launchMode
		ADDED from TestEclispToStudio\uexAppCenterMgrEx-SMD\AndroidManifest.xml:41:13-42
	android:theme
		ADDED from TestEclispToStudio\uexAppCenterMgrEx-SMD\AndroidManifest.xml:43:13-57
	android:name
		ADDED from TestEclispToStudio\uexAppCenterMgrEx-SMD\AndroidManifest.xml:40:13-67
activity#org.zywx.wbpalmstar.engine.LoadingActivity
ADDED from TestEclispToStudio\uexAppCenterMgrEx-SMD\AndroidManifest.xml:44:9-55:20
	android:screenOrientation
		ADDED from TestEclispToStudio\uexAppCenterMgrEx-SMD\AndroidManifest.xml:48:13-49
	android:launchMode
		ADDED from TestEclispToStudio\uexAppCenterMgrEx-SMD\AndroidManifest.xml:47:13-42
	android:configChanges
		ADDED from TestEclispToStudio\uexAppCenterMgrEx-SMD\AndroidManifest.xml:46:13-63
	android:theme
		ADDED from TestEclispToStudio\uexAppCenterMgrEx-SMD\AndroidManifest.xml:49:13-57
	android:name
		ADDED from TestEclispToStudio\uexAppCenterMgrEx-SMD\AndroidManifest.xml:45:13-70
intent-filter#android.intent.action.MAIN+android.intent.category.LAUNCHER
ADDED from TestEclispToStudio\uexAppCenterMgrEx-SMD\AndroidManifest.xml:50:13-54:29
action#android.intent.action.MAIN
ADDED from TestEclispToStudio\uexAppCenterMgrEx-SMD\AndroidManifest.xml:51:17-69
	android:name
		ADDED from TestEclispToStudio\uexAppCenterMgrEx-SMD\AndroidManifest.xml:51:25-66
category#android.intent.category.LAUNCHER
ADDED from TestEclispToStudio\uexAppCenterMgrEx-SMD\AndroidManifest.xml:53:17-77
	android:name
		ADDED from TestEclispToStudio\uexAppCenterMgrEx-SMD\AndroidManifest.xml:53:27-74
receiver#org.zywx.wbpalmstar.platform.push.PushRecieveMsgReceiver
ADDED from TestEclispToStudio\uexAppCenterMgrEx-SMD\AndroidManifest.xml:57:9-61:20
	android:name
		ADDED from TestEclispToStudio\uexAppCenterMgrEx-SMD\AndroidManifest.xml:57:19-90
intent-filter#org.zywx.push.receive
ADDED from TestEclispToStudio\uexAppCenterMgrEx-SMD\AndroidManifest.xml:58:13-60:29
action#org.zywx.push.receive
ADDED from TestEclispToStudio\uexAppCenterMgrEx-SMD\AndroidManifest.xml:59:17-64
	android:name
		ADDED from TestEclispToStudio\uexAppCenterMgrEx-SMD\AndroidManifest.xml:59:25-61
provider#org.zywx.wbpalmstar.base.ACEContentProvider
ADDED from TestEclispToStudio\uexAppCenterMgrEx-SMD\AndroidManifest.xml:63:9-66:40
	android:authorities
		ADDED from TestEclispToStudio\uexAppCenterMgrEx-SMD\AndroidManifest.xml:65:13-53
	android:exported
		ADDED from TestEclispToStudio\uexAppCenterMgrEx-SMD\AndroidManifest.xml:66:13-37
	android:name
		ADDED from TestEclispToStudio\uexAppCenterMgrEx-SMD\AndroidManifest.xml:64:13-71
activity#org.zywx.wbpalmstar.plugin.uexaudio.AudioRecorderActivity
ADDED from TestEclispToStudio\uexAppCenterMgrEx-SMD\AndroidManifest.xml:68:9-71:52
	android:screenOrientation
		ADDED from TestEclispToStudio\uexAppCenterMgrEx-SMD\AndroidManifest.xml:71:13-49
	android:configChanges
		ADDED from TestEclispToStudio\uexAppCenterMgrEx-SMD\AndroidManifest.xml:70:13-63
	android:name
		ADDED from TestEclispToStudio\uexAppCenterMgrEx-SMD\AndroidManifest.xml:69:13-85
activity#org.zywx.wbpalmstar.plugin.uexaudio.PMusicPlayerActivity
ADDED from TestEclispToStudio\uexAppCenterMgrEx-SMD\AndroidManifest.xml:72:9-74:52
	android:screenOrientation
		ADDED from TestEclispToStudio\uexAppCenterMgrEx-SMD\AndroidManifest.xml:74:13-49
	android:name
		ADDED from TestEclispToStudio\uexAppCenterMgrEx-SMD\AndroidManifest.xml:73:13-84
activity#org.zywx.wbpalmstar.plugin.uexaudio.PMusicFileActivity
ADDED from TestEclispToStudio\uexAppCenterMgrEx-SMD\AndroidManifest.xml:75:9-77:52
	android:screenOrientation
		ADDED from TestEclispToStudio\uexAppCenterMgrEx-SMD\AndroidManifest.xml:77:13-49
	android:name
		ADDED from TestEclispToStudio\uexAppCenterMgrEx-SMD\AndroidManifest.xml:76:13-82
activity#org.zywx.wbpalmstar.plugin.uexcamera.CustomCamera
ADDED from TestEclispToStudio\uexAppCenterMgrEx-SMD\AndroidManifest.xml:78:9-87:20
	android:configChanges
		ADDED from TestEclispToStudio\uexAppCenterMgrEx-SMD\AndroidManifest.xml:80:13-63
	android:theme
		ADDED from TestEclispToStudio\uexAppCenterMgrEx-SMD\AndroidManifest.xml:81:13-71
	android:name
		ADDED from TestEclispToStudio\uexAppCenterMgrEx-SMD\AndroidManifest.xml:79:13-77
intent-filter#android.intent.action.CAMERA_PLUGIN+android.intent.category.DEFAULT
ADDED from TestEclispToStudio\uexAppCenterMgrEx-SMD\AndroidManifest.xml:82:13-86:29
action#android.intent.action.CAMERA_PLUGIN
ADDED from TestEclispToStudio\uexAppCenterMgrEx-SMD\AndroidManifest.xml:83:17-78
	android:name
		ADDED from TestEclispToStudio\uexAppCenterMgrEx-SMD\AndroidManifest.xml:83:25-75
activity#org.zywx.wbpalmstar.plugin.uexfilemgr.FilexplorerActivity
ADDED from TestEclispToStudio\uexAppCenterMgrEx-SMD\AndroidManifest.xml:88:9-91:77
	android:configChanges
		ADDED from TestEclispToStudio\uexAppCenterMgrEx-SMD\AndroidManifest.xml:90:13-63
	android:theme
		ADDED from TestEclispToStudio\uexAppCenterMgrEx-SMD\AndroidManifest.xml:91:13-74
	android:name
		ADDED from TestEclispToStudio\uexAppCenterMgrEx-SMD\AndroidManifest.xml:89:13-85
activity#org.zywx.wbpalmstar.plugin.uexClipImage.ClipActivity
ADDED from TestEclispToStudio\uexAppCenterMgrEx-SMD\AndroidManifest.xml:92:9-94:63
	android:theme
		ADDED from TestEclispToStudio\uexAppCenterMgrEx-SMD\AndroidManifest.xml:94:13-60
	android:name
		ADDED from TestEclispToStudio\uexAppCenterMgrEx-SMD\AndroidManifest.xml:93:13-80
activity#org.zywx.wbpalmstar.plugin.uexCalendar.CalendarActivity
ADDED from TestEclispToStudio\uexAppCenterMgrEx-SMD\AndroidManifest.xml:95:9-97:63
	android:theme
		ADDED from TestEclispToStudio\uexAppCenterMgrEx-SMD\AndroidManifest.xml:97:13-60
	android:name
		ADDED from TestEclispToStudio\uexAppCenterMgrEx-SMD\AndroidManifest.xml:96:13-83
activity#com.way.locus.LoginActivity
ADDED from TestEclispToStudio\uexAppCenterMgrEx-SMD\AndroidManifest.xml:98:9-102:64
	android:screenOrientation
		ADDED from TestEclispToStudio\uexAppCenterMgrEx-SMD\AndroidManifest.xml:101:13-49
	android:configChanges
		ADDED from TestEclispToStudio\uexAppCenterMgrEx-SMD\AndroidManifest.xml:100:13-83
	android:theme
		ADDED from TestEclispToStudio\uexAppCenterMgrEx-SMD\AndroidManifest.xml:102:13-61
	android:name
		ADDED from TestEclispToStudio\uexAppCenterMgrEx-SMD\AndroidManifest.xml:99:13-55
activity#com.way.locus.SetPasswordActivity
ADDED from TestEclispToStudio\uexAppCenterMgrEx-SMD\AndroidManifest.xml:103:9-107:64
	android:screenOrientation
		ADDED from TestEclispToStudio\uexAppCenterMgrEx-SMD\AndroidManifest.xml:106:13-49
	android:configChanges
		ADDED from TestEclispToStudio\uexAppCenterMgrEx-SMD\AndroidManifest.xml:105:13-83
	android:theme
		ADDED from TestEclispToStudio\uexAppCenterMgrEx-SMD\AndroidManifest.xml:107:13-61
	android:name
		ADDED from TestEclispToStudio\uexAppCenterMgrEx-SMD\AndroidManifest.xml:104:13-61
activity#org.zywx.wbpalmstar.plugin.uexappmarket.activity.AppMarketMainActivity
ADDED from TestEclispToStudio\uexAppCenterMgrEx-SMD\AndroidManifest.xml:120:9-123:53
	android:screenOrientation
		ADDED from TestEclispToStudio\uexAppCenterMgrEx-SMD\AndroidManifest.xml:123:13-50
	android:configChanges
		ADDED from TestEclispToStudio\uexAppCenterMgrEx-SMD\AndroidManifest.xml:122:13-63
	android:name
		ADDED from TestEclispToStudio\uexAppCenterMgrEx-SMD\AndroidManifest.xml:121:13-98
activity#org.zywx.wbpalmstar.plugin.uexappmarket.activity.AddAppActivity
ADDED from TestEclispToStudio\uexAppCenterMgrEx-SMD\AndroidManifest.xml:124:9-127:63
	android:configChanges
		ADDED from TestEclispToStudio\uexAppCenterMgrEx-SMD\AndroidManifest.xml:126:13-63
	android:theme
		ADDED from TestEclispToStudio\uexAppCenterMgrEx-SMD\AndroidManifest.xml:127:13-60
	android:name
		ADDED from TestEclispToStudio\uexAppCenterMgrEx-SMD\AndroidManifest.xml:125:13-91
activity#org.zywx.wbpalmstar.plugin.ueximagebrowser.ImageWatcherActivity
ADDED from TestEclispToStudio\uexAppCenterMgrEx-SMD\AndroidManifest.xml:128:9-133:77
	android:screenOrientation
		ADDED from TestEclispToStudio\uexAppCenterMgrEx-SMD\AndroidManifest.xml:132:13-47
	android:hardwareAccelerated
		ADDED from TestEclispToStudio\uexAppCenterMgrEx-SMD\AndroidManifest.xml:131:13-48
	android:configChanges
		ADDED from TestEclispToStudio\uexAppCenterMgrEx-SMD\AndroidManifest.xml:130:13-63
	android:theme
		ADDED from TestEclispToStudio\uexAppCenterMgrEx-SMD\AndroidManifest.xml:133:13-74
	android:name
		ADDED from TestEclispToStudio\uexAppCenterMgrEx-SMD\AndroidManifest.xml:129:13-91
activity#org.zywx.wbpalmstar.plugin.ueximagebrowser.ImagePreviewActivity
ADDED from TestEclispToStudio\uexAppCenterMgrEx-SMD\AndroidManifest.xml:134:9-138:74
	android:hardwareAccelerated
		ADDED from TestEclispToStudio\uexAppCenterMgrEx-SMD\AndroidManifest.xml:137:13-48
	android:configChanges
		ADDED from TestEclispToStudio\uexAppCenterMgrEx-SMD\AndroidManifest.xml:136:13-63
	android:theme
		ADDED from TestEclispToStudio\uexAppCenterMgrEx-SMD\AndroidManifest.xml:138:13-71
	android:name
		ADDED from TestEclispToStudio\uexAppCenterMgrEx-SMD\AndroidManifest.xml:135:13-91
activity#org.zywx.wbpalmstar.plugin.ueximagebrowser.PickMultiActivity
ADDED from TestEclispToStudio\uexAppCenterMgrEx-SMD\AndroidManifest.xml:139:9-143:63
	android:hardwareAccelerated
		ADDED from TestEclispToStudio\uexAppCenterMgrEx-SMD\AndroidManifest.xml:142:13-48
	android:configChanges
		ADDED from TestEclispToStudio\uexAppCenterMgrEx-SMD\AndroidManifest.xml:141:13-63
	android:theme
		ADDED from TestEclispToStudio\uexAppCenterMgrEx-SMD\AndroidManifest.xml:143:13-60
	android:name
		ADDED from TestEclispToStudio\uexAppCenterMgrEx-SMD\AndroidManifest.xml:140:13-88
activity#org.zywx.wbpalmstar.plugin.ueximagebrowser.ImageReviewActivity
ADDED from TestEclispToStudio\uexAppCenterMgrEx-SMD\AndroidManifest.xml:144:9-148:74
	android:hardwareAccelerated
		ADDED from TestEclispToStudio\uexAppCenterMgrEx-SMD\AndroidManifest.xml:147:13-48
	android:configChanges
		ADDED from TestEclispToStudio\uexAppCenterMgrEx-SMD\AndroidManifest.xml:146:13-63
	android:theme
		ADDED from TestEclispToStudio\uexAppCenterMgrEx-SMD\AndroidManifest.xml:148:13-71
	android:name
		ADDED from TestEclispToStudio\uexAppCenterMgrEx-SMD\AndroidManifest.xml:145:13-90
activity#org.zywx.wbpalmstar.plugin.ueximagebrowser.PictureActivity
ADDED from TestEclispToStudio\uexAppCenterMgrEx-SMD\AndroidManifest.xml:149:9-153:85
	android:hardwareAccelerated
		ADDED from TestEclispToStudio\uexAppCenterMgrEx-SMD\AndroidManifest.xml:152:13-48
	android:configChanges
		ADDED from TestEclispToStudio\uexAppCenterMgrEx-SMD\AndroidManifest.xml:151:13-63
	android:theme
		ADDED from TestEclispToStudio\uexAppCenterMgrEx-SMD\AndroidManifest.xml:153:13-82
	android:name
		ADDED from TestEclispToStudio\uexAppCenterMgrEx-SMD\AndroidManifest.xml:150:13-86
activity#org.zywx.wbpalmstar.plugin.ueximage.AlbumListActivity
ADDED from TestEclispToStudio\uexAppCenterMgrEx-SMD\AndroidManifest.xml:154:9-156:64
	android:theme
		ADDED from TestEclispToStudio\uexAppCenterMgrEx-SMD\AndroidManifest.xml:156:13-61
	android:name
		ADDED from TestEclispToStudio\uexAppCenterMgrEx-SMD\AndroidManifest.xml:155:13-81
activity#org.zywx.wbpalmstar.plugin.ueximage.PictureGridActivity
ADDED from TestEclispToStudio\uexAppCenterMgrEx-SMD\AndroidManifest.xml:157:9-159:64
	android:theme
		ADDED from TestEclispToStudio\uexAppCenterMgrEx-SMD\AndroidManifest.xml:159:13-61
	android:name
		ADDED from TestEclispToStudio\uexAppCenterMgrEx-SMD\AndroidManifest.xml:158:13-83
activity#org.zywx.wbpalmstar.plugin.ueximage.ImagePreviewActivity
ADDED from TestEclispToStudio\uexAppCenterMgrEx-SMD\AndroidManifest.xml:160:9-162:64
	android:theme
		ADDED from TestEclispToStudio\uexAppCenterMgrEx-SMD\AndroidManifest.xml:162:13-61
	android:name
		ADDED from TestEclispToStudio\uexAppCenterMgrEx-SMD\AndroidManifest.xml:161:13-84
service#org.zywx.wbpalmstar.plugin.uexim.ChatService
ADDED from TestEclispToStudio\uexAppCenterMgrEx-SMD\AndroidManifest.xml:164:9-166:38
	android:enabled
		ADDED from TestEclispToStudio\uexAppCenterMgrEx-SMD\AndroidManifest.xml:166:13-35
	android:name
		ADDED from TestEclispToStudio\uexAppCenterMgrEx-SMD\AndroidManifest.xml:165:13-72
service#org.zywx.wbpalmstar.platform.analytics.PushService
ADDED from TestEclispToStudio\uexAppCenterMgrEx-SMD\AndroidManifest.xml:167:9-170:39
	android:enabled
		ADDED from TestEclispToStudio\uexAppCenterMgrEx-SMD\AndroidManifest.xml:169:13-35
	android:process
		ADDED from TestEclispToStudio\uexAppCenterMgrEx-SMD\AndroidManifest.xml:170:13-36
	android:name
		ADDED from TestEclispToStudio\uexAppCenterMgrEx-SMD\AndroidManifest.xml:168:13-78
service#org.zywx.wbpalmstar.platform.push.PushService
ADDED from TestEclispToStudio\uexAppCenterMgrEx-SMD\AndroidManifest.xml:171:9-174:39
	android:enabled
		ADDED from TestEclispToStudio\uexAppCenterMgrEx-SMD\AndroidManifest.xml:173:13-35
	android:process
		ADDED from TestEclispToStudio\uexAppCenterMgrEx-SMD\AndroidManifest.xml:174:13-36
	android:name
		ADDED from TestEclispToStudio\uexAppCenterMgrEx-SMD\AndroidManifest.xml:172:13-73
receiver#org.zywx.wbpalmstar.platform.analytics.PushBroadCastReceiver
ADDED from TestEclispToStudio\uexAppCenterMgrEx-SMD\AndroidManifest.xml:176:9-182:20
	android:process
		ADDED from TestEclispToStudio\uexAppCenterMgrEx-SMD\AndroidManifest.xml:178:13-36
	android:name
		ADDED from TestEclispToStudio\uexAppCenterMgrEx-SMD\AndroidManifest.xml:177:13-88
intent-filter#android.intent.action.BOOT_COMPLETED
ADDED from TestEclispToStudio\uexAppCenterMgrEx-SMD\AndroidManifest.xml:179:13-181:29
action#android.intent.action.BOOT_COMPLETED
ADDED from TestEclispToStudio\uexAppCenterMgrEx-SMD\AndroidManifest.xml:180:17-79
	android:name
		ADDED from TestEclispToStudio\uexAppCenterMgrEx-SMD\AndroidManifest.xml:180:25-76
receiver#org.zywx.wbpalmstar.platform.push.PushBroadCastReceiver
ADDED from TestEclispToStudio\uexAppCenterMgrEx-SMD\AndroidManifest.xml:183:9-189:20
	android:process
		ADDED from TestEclispToStudio\uexAppCenterMgrEx-SMD\AndroidManifest.xml:185:13-36
	android:name
		ADDED from TestEclispToStudio\uexAppCenterMgrEx-SMD\AndroidManifest.xml:184:13-83
meta-data#UMENG_APPKEY
ADDED from TestEclispToStudio\uexAppCenterMgrEx-SMD\AndroidManifest.xml:191:9-193:56
	android:value
		ADDED from TestEclispToStudio\uexAppCenterMgrEx-SMD\AndroidManifest.xml:193:13-53
	android:name
		ADDED from TestEclispToStudio\uexAppCenterMgrEx-SMD\AndroidManifest.xml:192:13-40
meta-data#UMENG_CHANNEL
ADDED from TestEclispToStudio\uexAppCenterMgrEx-SMD\AndroidManifest.xml:194:9-196:32
	android:value
		ADDED from TestEclispToStudio\uexAppCenterMgrEx-SMD\AndroidManifest.xml:196:13-29
	android:name
		ADDED from TestEclispToStudio\uexAppCenterMgrEx-SMD\AndroidManifest.xml:195:13-41
uses-sdk
ADDED from TestEclispToStudio\uexAppCenterMgrEx-SMD\AndroidManifest.xml:199:5-201:41
	android:targetSdkVersion
		ADDED from TestEclispToStudio\uexAppCenterMgrEx-SMD\AndroidManifest.xml:201:9-38
	android:minSdkVersion
		ADDED from TestEclispToStudio\uexAppCenterMgrEx-SMD\AndroidManifest.xml:200:9-35
uses-permission#android.permission.INTERNET
ADDED from TestEclispToStudio\uexAppCenterMgrEx-SMD\AndroidManifest.xml:203:5-67
	android:name
		ADDED from TestEclispToStudio\uexAppCenterMgrEx-SMD\AndroidManifest.xml:203:22-64
uses-permission#android.permission.WRITE_EXTERNAL_STORAGE
ADDED from TestEclispToStudio\uexAppCenterMgrEx-SMD\AndroidManifest.xml:204:5-81
	android:name
		ADDED from TestEclispToStudio\uexAppCenterMgrEx-SMD\AndroidManifest.xml:204:22-78
uses-permission#android.permission.READ_PHONE_STATE
ADDED from TestEclispToStudio\uexAppCenterMgrEx-SMD\AndroidManifest.xml:205:5-75
	android:name
		ADDED from TestEclispToStudio\uexAppCenterMgrEx-SMD\AndroidManifest.xml:205:22-72
uses-permission#android.permission.ACCESS_WIFI_STATE
ADDED from TestEclispToStudio\uexAppCenterMgrEx-SMD\AndroidManifest.xml:206:5-76
	android:name
		ADDED from TestEclispToStudio\uexAppCenterMgrEx-SMD\AndroidManifest.xml:206:22-73
uses-permission#android.permission.CHANGE_WIFI_STATE
ADDED from TestEclispToStudio\uexAppCenterMgrEx-SMD\AndroidManifest.xml:207:5-76
	android:name
		ADDED from TestEclispToStudio\uexAppCenterMgrEx-SMD\AndroidManifest.xml:207:22-73
uses-permission#android.permission.ACCESS_NETWORK_STATE
ADDED from TestEclispToStudio\uexAppCenterMgrEx-SMD\AndroidManifest.xml:208:5-79
	android:name
		ADDED from TestEclispToStudio\uexAppCenterMgrEx-SMD\AndroidManifest.xml:208:22-76
uses-permission#android.permission.READ_LOGS
ADDED from TestEclispToStudio\uexAppCenterMgrEx-SMD\AndroidManifest.xml:209:5-68
	android:name
		ADDED from TestEclispToStudio\uexAppCenterMgrEx-SMD\AndroidManifest.xml:209:22-65
uses-permission#android.permission.RECEIVE_BOOT_COMPLETED
ADDED from TestEclispToStudio\uexAppCenterMgrEx-SMD\AndroidManifest.xml:210:5-81
	android:name
		ADDED from TestEclispToStudio\uexAppCenterMgrEx-SMD\AndroidManifest.xml:210:22-78
uses-permission#android.permission.WAKE_LOCK
ADDED from TestEclispToStudio\uexAppCenterMgrEx-SMD\AndroidManifest.xml:211:5-68
	android:name
		ADDED from TestEclispToStudio\uexAppCenterMgrEx-SMD\AndroidManifest.xml:211:22-65
uses-permission#android.permission.VIBRATE
ADDED from TestEclispToStudio\uexAppCenterMgrEx-SMD\AndroidManifest.xml:212:5-66
	android:name
		ADDED from TestEclispToStudio\uexAppCenterMgrEx-SMD\AndroidManifest.xml:212:22-63
supports-screens
ADDED from TestEclispToStudio\uexAppCenterMgrEx-SMD\AndroidManifest.xml:214:5-220:40
	android:largeScreens
		ADDED from TestEclispToStudio\uexAppCenterMgrEx-SMD\AndroidManifest.xml:216:9-36
	android:smallScreens
		ADDED from TestEclispToStudio\uexAppCenterMgrEx-SMD\AndroidManifest.xml:219:9-36
	android:normalScreens
		ADDED from TestEclispToStudio\uexAppCenterMgrEx-SMD\AndroidManifest.xml:217:9-37
	android:xlargeScreens
		ADDED from TestEclispToStudio\uexAppCenterMgrEx-SMD\AndroidManifest.xml:220:9-37
	android:resizeable
		ADDED from TestEclispToStudio\uexAppCenterMgrEx-SMD\AndroidManifest.xml:218:9-34
	android:anyDensity
		ADDED from TestEclispToStudio\uexAppCenterMgrEx-SMD\AndroidManifest.xml:215:9-34
uses-permission#android.permission.CAMERA
ADDED from TestEclispToStudio\uexAppCenterMgrEx-SMD\AndroidManifest.xml:222:5-65
	android:name
		ADDED from TestEclispToStudio\uexAppCenterMgrEx-SMD\AndroidManifest.xml:222:22-62
uses-permission#android.permission.RECORD_AUDIO
ADDED from TestEclispToStudio\uexAppCenterMgrEx-SMD\AndroidManifest.xml:223:5-71
	android:name
		ADDED from TestEclispToStudio\uexAppCenterMgrEx-SMD\AndroidManifest.xml:223:22-68
uses-permission#android.permission.MOUNT_UNMOUNT_FILESYSTEMS
ADDED from TestEclispToStudio\uexAppCenterMgrEx-SMD\AndroidManifest.xml:224:5-84
	android:name
		ADDED from TestEclispToStudio\uexAppCenterMgrEx-SMD\AndroidManifest.xml:224:22-81
uses-permission#android.permission.FLASHLIGHT
ADDED from TestEclispToStudio\uexAppCenterMgrEx-SMD\AndroidManifest.xml:227:5-69
	android:name
		ADDED from TestEclispToStudio\uexAppCenterMgrEx-SMD\AndroidManifest.xml:227:22-66
uses-permission#android.permission.GET_TASKS
ADDED from TestEclispToStudio\uexAppCenterMgrEx-SMD\AndroidManifest.xml:236:5-68
	android:name
		ADDED from TestEclispToStudio\uexAppCenterMgrEx-SMD\AndroidManifest.xml:236:22-65
uses-permission#android.permission.READ_EXTERNAL_STORAGE
ADDED from TestEclispToStudio\uexAppCenterMgrEx-SMD\AndroidManifest.xml:237:5-80
	android:name
		ADDED from TestEclispToStudio\uexAppCenterMgrEx-SMD\AndroidManifest.xml:237:22-77
uses-permission#android.permission.INSTALL_PACKAGES
ADDED from TestEclispToStudio\uexAppCenterMgrEx-SMD\AndroidManifest.xml:238:5-75
	android:name
		ADDED from TestEclispToStudio\uexAppCenterMgrEx-SMD\AndroidManifest.xml:238:22-72
uses-permission#android.permission.DELETE_PACKAGES
ADDED from TestEclispToStudio\uexAppCenterMgrEx-SMD\AndroidManifest.xml:239:5-74
	android:name
		ADDED from TestEclispToStudio\uexAppCenterMgrEx-SMD\AndroidManifest.xml:239:22-71
uses-permission#android.permission.CHANGE_NETWORK_STATE
ADDED from TestEclispToStudio\uexAppCenterMgrEx-SMD\AndroidManifest.xml:240:5-79
	android:name
		ADDED from TestEclispToStudio\uexAppCenterMgrEx-SMD\AndroidManifest.xml:240:22-76